
˿    ⹹  Q  Ļ    ȺԳ  ݱ΢  
ɽ  ΰ      Ʒ    
йɫ  ׶  ѧչ  ̬  ṫƽ    лΰ  幦  ռ俪    緢չһ廯  С    Ļǿ  ҵλ    ѡ      г      ȫ  ҪսԻ  ȡشչ  ̬ϵͳ  Ȳƽ    ӿת  ʽΣ  ¶׼    ȽĻ  ũҵۺ  ʳƷҩƷȫ  ۵ϵ  ͬԸ  ͹  ˾  ϱ  ȫлŮ  ս˲ҵ  ϷȨ  ȫͬ    ǰƽ  Ļʵ  ֤񵱼  ϵ  ȫҽ  ֿ  չ  Ч  ƶȸĸ    δ  ʵ徭  ѧˮƽ  㵳  Ȼ  ȫ潨С    ʳȫ  ʵ  ɲ      ر  ڵ  ѧش        ȫв    Ļ    Ӱ  Ծ  Ͷ  ִҵ    ˹ͬ  ʵƽ  Ҹ  ļֵ  η      ƽȻ  ҡ    ҪսԻ  ת侭÷չʽ  ӿת侭÷չʽ  ļֵϵ  ȡشչ  ʵлΰ  ںʽչ  Ȼ  ĸ￪  άṫƽ  
˿    ⹹  Q  Ļ    ȺԳ  ݱ΢  
˿    ⹹  ˿Ļ  Q  Ļ  ȺԳ  ݱ΢  ˧  
˿##⹹#˿Ļ#Q#Ļ#ȺԳ#ݱ΢#˧#






#ӪԹĹ#ԹĹ###ԹĹ##ԹĹ#йĹ#г###ᱩ#г##Ĺ#չˮƽ#ƶ#ҵ#ʽͶ##ڱ##ؼ#Ĺ۸##Ƿ#Ĺ#ⲹ#ɥƷ#Ʒ#ǻҼĴ#ԹĹ#
#ӪԹĹ#ԹĹ###ԹĹ##ԹĹ#йĹ#г###ᱩ#г##Ĺ#չˮƽ#ƶ#ҵ#ʽͶ##ڱ##ؼ#Ĺ۸##Ƿ#Ĺ#ⲹ#ɥƷ#Ʒ#ǻҼĴ#ԹĹ#


˿##⹹#˿Ļ#Q#Ļ#ȺԳ#ݱ΢#
#ӪԹĹ#ԹĹ###ԹĹ##ԹĹ#йĹ#г###ᱩ#г##Ĺ#չˮƽ#ƶ#ҵ#ʽͶ##ڱ##ؼ#Ĺ۸##Ƿ#Ĺ#ⲹ#ɥƷ#Ʒ#ǻҼĴ#ԹĹ#
˿##⹹#˿Ļ#Q#Ļ#ȺԳ#ݱ΢#
#ӪԹĹ#ԹĹ###ԹĹ##ԹĹ#йĹ#г###ᱩ#г##Ĺ#չˮƽ#ƶ#ҵ#ʽͶ##ڱ##ؼ#Ĺ۸##Ƿ#Ĺ#ⲹ#ɥƷ#Ʒ#ǻҼĴ#ԹĹ#
˿##⹹#˿Ļ#Q#Ļ#ȺԳ#ݱ΢#
#ӪԹĹ#ԹĹ###ԹĹ##ԹĹ#йĹ#г###ᱩ#г##Ĺ#չˮƽ#ƶ#ҵ#ʽͶ##ڱ##ؼ#Ĺ۸##Ƿ#Ĺ#ⲹ#ɥƷ#Ʒ#ǻҼĴ#ԹĹ#
#ӪԹĹ#ԹĹ###ԹĹ##ԹĹ#йĹ#г###ᱩ#г##Ĺ#չˮƽ#ƶ#ҵ#ʽͶ##ڱ##ؼ#Ĺ۸##Ƿ#Ĺ#ⲹ#ɥƷ#Ʒ#ǻҼĴ#ԹĹ#
#ӪԹĹ#ԹĹ###ԹĹ##ԹĹ#йĹ#г###ᱩ#г##Ĺ#չˮƽ#ƶ#ҵ#ʽͶ##ڱ##ؼ#Ĺ۸##Ƿ#Ĺ#ⲹ#ɥƷ#Ʒ#ǻҼĴ#ԹĹ#
#ӪԹĹ#ԹĹ###ԹĹ##ԹĹ#йĹ#г###ᱩ#г##Ĺ#չˮƽ#ƶ#ҵ#ʽͶ##ڱ##ؼ#Ĺ۸##Ƿ#Ĺ#ⲹ#ɥƷ#Ʒ#ǻҼĴ#ԹĹ#
˿##⹹#˿Ļ#Q#Ļ#ȺԳ#ݱ΢#
˿##⹹#˿Ļ#Q#Ļ#ȺԳ#ݱ΢#
ҵ#֬#ζ#֬#ҵ#ζ#һ#ʯҵ##Ч#ù#
˿#
˿#







˿#
war_crimes#rights_groups#Islamist_leaders#Pakistani_army#death_penalty#
#޷##Ա#޷##޷ּ#ּ#####ٶ#·#Ч#湤###Ż޷ּ#
#ض#д#б#ǰ#Զʶ#ʵȡ#ʵ÷#
ϵ
Ա##ٴ#ߵȷԺ##Ա#˾#


Ҫս#


算法算法
算法算法
黑恶势力#扫黑除恶#扫黑除恶专项斗争#开展扫黑除恶专项斗争#
黑恶势力#扫黑除恶#扫黑除恶专项斗争#开展扫黑除恶专项斗争#
黑恶势力#扫黑除恶#扫黑除恶专项斗争#开展扫黑除恶专项斗争#
黑恶势力#扫黑除恶#扫黑除恶专项斗争#开展扫黑除恶专项斗争#
黑恶势力#扫黑除恶#扫黑除恶专项斗争#开展扫黑除恶专项斗争#
黑恶势力#扫黑除恶#扫黑除恶专项斗争#开展扫黑除恶专项斗争#








算法分词
算法分词


算法算法
算法算法
算法算法
政法工作#
政法工作#
政法工作#
政法工作#


神经算法
神经算法
神经算法
神经算法
神经算法
神经算法









































































国内外读者#社会主义思想#
国内外读者#社会主义思想#
国内外读者#社会主义思想#
国内外读者#社会主义思想#
国内外读者#社会主义思想#
国内外读者#社会主义思想#
国内外读者#社会主义思想#
国内外读者#社会主义思想#
国内外读者#社会主义思想#
国内外读者#社会主义思想#
国内外读者#社会主义思想#
国内外读者#社会主义思想#
国内外读者#社会主义思想#
国内外读者#社会主义思想#
国内外读者#社会主义思想#
国内外读者#社会主义思想#
国内外读者#社会主义思想#
国内外读者#社会主义思想#
国内外读者#社会主义思想#
国内外读者#社会主义思想#
国内外读者#社会主义思想#
国内外读者#社会主义思想#
国内外读者#社会主义思想#
国内外读者#社会主义思想#
国内外读者#社会主义思想#
国内外读者#社会主义思想#
国内外读者#社会主义思想#
国内外读者#社会主义思想#
国内外读者#社会主义思想#
国内外读者#社会主义思想#
国内外读者#社会主义思想#
国内外读者#社会主义思想#
国内外读者#社会主义思想#
国内外读者#社会主义思想#
国内外读者#社会主义思想#
国内外读者#社会主义思想#
国内外读者#社会主义思想#
国内外读者#社会主义思想#
国内外读者#社会主义思想#
国内外读者#社会主义思想#
国内外读者#社会主义思想#
国内外读者#社会主义思想#
国内外读者#社会主义思想#
国内外读者#社会主义思想#
国内外读者#社会主义思想#
国内外读者#社会主义思想#
国内外读者#社会主义思想#
国内外读者#社会主义思想#
国内外读者#社会主义思想#
国内外读者#社会主义思想#
国内外读者#社会主义思想#
国内外读者#社会主义思想#
国内外读者#社会主义思想#
国内外读者#社会主义思想#
国内外读者#社会主义思想#
国内外读者#社会主义思想#
国内外读者#社会主义思想#
国内外读者#社会主义思想#
国内外读者#社会主义思想#
国内外读者#社会主义思想#
国内外读者#社会主义思想#
国内外读者#社会主义思想#
国内外读者#社会主义思想#
国内外读者#社会主义思想#
国内外读者#社会主义思想#
国内外读者#社会主义思想#


























































































































算法算法
算法算法
算法算法
算法算法
算法算法
算法算法
算法算法
算法算法
算法算法
算法算法










神经算法
神经算法










神经算法
神经算法
神经算法
神经算法
了解中国#
了解中国#
了解中国#
了解中国#
了解中国#
了解中国#
























中国梦#世界梦#全球范围#国际书展#需要思想#世界需要#认识中国#思想体系#外国读者#普通民众#执政理念#圈粉#构建人类命运共同体#
中国梦#世界梦#全球范围#国际书展#需要思想#世界需要#认识中国#思想体系#外国读者#普通民众#执政理念#圈粉#构建人类命运共同体#


中国经济#中国经济政策#世界第二#
中国经济#中国经济政策#世界第二#
中国经济#中国经济政策#世界第二#
中国经济#中国经济政策#世界第二#
中国经济#中国经济政策#世界第二#
中国经济#中国经济政策#世界第二#
中国经济#中国经济政策#世界第二#
中国经济#中国经济政策#世界第二#
中国经济#中国经济政策#世界第二#
中国经济#中国经济政策#世界第二#
中国经济#中国经济政策#世界第二#
中国经济#中国经济政策#世界第二#
中国经济#中国经济政策#世界第二#
中国经济#中国经济政策#世界第二#
中国经济#中国经济政策#世界第二#
中国经济#中国经济政策#世界第二#
中国经济#中国经济政策#世界第二#
中国经济#中国经济政策#世界第二#
中国经济#中国经济政策#世界第二#
中国经济#中国经济政策#世界第二#
中国经济#中国经济政策#世界第二#
中国经济#中国经济政策#世界第二#
中国经济#中国经济政策#世界第二#
中国经济#中国经济政策#世界第二#
中国经济#中国经济政策#世界第二#
中国经济#中国经济政策#世界第二#
中国经济#中国经济政策#世界第二#
中国经济#中国经济政策#世界第二#




算法算法
算法算法
算法算法
算法算法
算法算法
算法算法
算法算法
算法算法
算法算法
算法算法
算法算法
算法算法
































改革举措#
改革举措#
改革举措#
改革举措#
改革举措#
改革举措#
改革举措#
改革举措#






















算法分词
算法分词
算法分词
算法分词
算法分词
算法分词
算法分词
算法分词
改革举措#
改革举措#
改革举措#
改革举措#
改革举措#
改革举措#








算法算法#
算法算法#
改革举措#
改革举措#











































































































进行到底#中国人民#来自体制#改革创新#
进行到底#中国人民#来自体制#改革创新#
进行到底#中国人民#来自体制#改革创新#
进行到底#中国人民#来自体制#改革创新#
进行到底#中国人民#来自体制#改革创新#
进行到底#中国人民#来自体制#改革创新#
进行到底#中国人民#来自体制#改革创新#
进行到底#中国人民#来自体制#改革创新#
进行到底#中国人民#来自体制#改革创新#
进行到底#中国人民#来自体制#改革创新#
进行到底#中国人民#来自体制#改革创新#
进行到底#中国人民#来自体制#改革创新#
进行到底#中国人民#来自体制#改革创新#
进行到底#中国人民#来自体制#改革创新#
进行到底#中国人民#来自体制#改革创新#
进行到底#中国人民#来自体制#改革创新#
进行到底#中国人民#来自体制#改革创新#
进行到底#中国人民#来自体制#改革创新#
进行到底#中国人民#来自体制#改革创新#
进行到底#中国人民#来自体制#改革创新#
进行到底#中国人民#来自体制#改革创新#
进行到底#中国人民#来自体制#改革创新#
进行到底#中国人民#来自体制#改革创新#


进行到底#中国人民#来自体制#改革创新#
进行到底#中国人民#来自体制#改革创新#
进行到底#中国人民#来自体制#改革创新#
进行到底#中国人民#来自体制#改革创新#
进行到底#中国人民#来自体制#改革创新#
进行到底#中国人民#来自体制#改革创新#
进行到底#中国人民#来自体制#改革创新#
进行到底#中国人民#来自体制#改革创新#
进行到底#中国人民#来自体制#改革创新#
进行到底#中国人民#来自体制#改革创新#
进行到底#中国人民#来自体制#改革创新#
进行到底#中国人民#来自体制#改革创新#




进行到底#中国人民#来自体制#改革创新#
进行到底#中国人民#来自体制#改革创新#
进行到底#中国人民#来自体制#改革创新#
进行到底#中国人民#来自体制#改革创新#




进行到底#中国人民#来自体制#改革创新#
进行到底#中国人民#来自体制#改革创新#
进行到底#中国人民#来自体制#改革创新#
进行到底#中国人民#来自体制#改革创新#
进行到底#中国人民#来自体制#改革创新#
进行到底#中国人民#来自体制#改革创新#






















进行到底#中国人民#来自体制#改革创新#
进行到底#中国人民#来自体制#改革创新#
进行到底#中国人民#来自体制#改革创新#
进行到底#中国人民#来自体制#改革创新#
进行到底#中国人民#来自体制#改革创新#
进行到底#中国人民#来自体制#改革创新#
进行到底#中国人民#来自体制#改革创新#
进行到底#中国人民#来自体制#改革创新#
进行到底#中国人民#来自体制#改革创新#
进行到底#中国人民#来自体制#改革创新#
进行到底#中国人民#来自体制#改革创新#
进行到底#中国人民#来自体制#改革创新#
进行到底#中国人民#来自体制#改革创新#
进行到底#中国人民#来自体制#改革创新#
进行到底#中国人民#来自体制#改革创新#
进行到底#中国人民#来自体制#改革创新#
进行到底#中国人民#来自体制#改革创新#
进行到底#中国人民#来自体制#改革创新#
进行到底#中国人民#来自体制#改革创新#
进行到底#中国人民#来自体制#改革创新#
进行到底#中国人民#来自体制#改革创新#
进行到底#中国人民#来自体制#改革创新#
















进行到底#中国人民#来自体制#改革创新#
进行到底#中国人民#来自体制#改革创新#
进行到底#中国人民#来自体制#改革创新#
进行到底#中国人民#来自体制#改革创新#


进行到底#中国人民#来自体制#改革创新#
进行到底#中国人民#来自体制#改革创新#
进行到底#中国人民#来自体制#改革创新#
进行到底#中国人民#来自体制#改革创新#
进行到底#中国人民#来自体制#改革创新#
进行到底#中国人民#来自体制#改革创新#
进行到底#中国人民#来自体制#改革创新#
进行到底#中国人民#来自体制#改革创新#
进行到底#中国人民#来自体制#改革创新#
进行到底#中国人民#来自体制#改革创新#









进行到底#中国人民#来自体制#改革创新#
进行到底#中国人民#来自体制#改革创新#
进行到底#中国人民#来自体制#改革创新#
进行到底#中国人民#来自体制#改革创新#
进行到底#中国人民#来自体制#改革创新#
进行到底#中国人民#来自体制#改革创新#
进行到底#中国人民#来自体制#改革创新#
进行到底#中国人民#来自体制#改革创新#
进行到底#中国人民#来自体制#改革创新#
进行到底#中国人民#来自体制#改革创新#
进行到底#中国人民#来自体制#改革创新#
进行到底#中国人民#来自体制#改革创新#
进行到底#中国人民#来自体制#改革创新#
进行到底#中国人民#来自体制#改革创新#
进行到底#中国人民#来自体制#改革创新#
进行到底#中国人民#来自体制#改革创新#
进行到底#中国人民#来自体制#改革创新#
进行到底#中国人民#来自体制#改革创新#
进行到底#中国人民#来自体制#改革创新#
进行到底#中国人民#来自体制#改革创新#
进行到底#中国人民#来自体制#改革创新#
进行到底#中国人民#来自体制#改革创新#
进行到底#中国人民#来自体制#改革创新#
进行到底#中国人民#来自体制#改革创新#
进行到底#中国人民#来自体制#改革创新#
进行到底#中国人民#来自体制#改革创新#
进行到底#中国人民#来自体制#改革创新#
进行到底#中国人民#来自体制#改革创新#
进行到底#中国人民#来自体制#改革创新#
进行到底#中国人民#来自体制#改革创新#
进行到底#中国人民#来自体制#改革创新#
进行到底#中国人民#来自体制#改革创新#
进行到底#中国人民#来自体制#改革创新#
进行到底#中国人民#来自体制#改革创新#
进行到底#中国人民#来自体制#改革创新#
进行到底#中国人民#来自体制#改革创新#






























































































































算法算法
算法算法






































































































































































































进行到底#中国人民#来自体制#改革创新#
进行到底#中国人民#来自体制#改革创新#


进行到底#中国人民#来自体制#改革创新#
进行到底#中国人民#来自体制#改革创新#


进行到底#中国人民#来自体制#改革创新#
进行到底#中国人民#来自体制#改革创新#


进行到底#中国人民#来自体制#改革创新#
进行到底#中国人民#来自体制#改革创新#




进行到底#中国人民#来自体制#改革创新#
进行到底#中国人民#来自体制#改革创新#
进行到底#中国人民#来自体制#改革创新#
进行到底#中国人民#来自体制#改革创新#
进行到底#中国人民#来自体制#改革创新#
进行到底#中国人民#来自体制#改革创新#
进行到底#中国人民#来自体制#改革创新#
进行到底#中国人民#来自体制#改革创新#














































算法算法
算法算法


算法算法
算法算法


神经算法
神经算法


算法算法
算法算法


算法算法
算法算法
算法算法
算法算法


算法分词
算法分词


算法算法
算法算法


算法算法
算法算法


算法算法
算法算法


算法算法
算法算法
算法算法
算法算法
算法算法
算法算法


算法算法
算法算法


算法算法
算法算法


算法算法
算法算法
人民领袖#全国人大代表#
人民领袖#全国人大代表#


作风建设#加强作风建设#作风建设必须#工作生活#重要节点#突出问题#党风建设#
作风建设#加强作风建设#作风建设必须#工作生活#重要节点#突出问题#党风建设#




作风建设#加强作风建设#作风建设必须#工作生活#重要节点#突出问题#党风建设#
作风建设#加强作风建设#作风建设必须#工作生活#重要节点#突出问题#党风建设#




作风建设#加强作风建设#作风建设必须#工作生活#重要节点#突出问题#党风建设#


作风建设#加强作风建设#作风建设必须#工作生活#重要节点#突出问题#党风建设#
作风建设#加强作风建设#作风建设必须#工作生活#重要节点#突出问题#党风建设#


作风建设#加强作风建设#作风建设必须#工作生活#重要节点#突出问题#党风建设#
作风建设#加强作风建设#作风建设必须#工作生活#重要节点#突出问题#党风建设#
作风建设#加强作风建设#作风建设必须#工作生活#重要节点#突出问题#党风建设#
作风建设#加强作风建设#作风建设必须#工作生活#重要节点#突出问题#党风建设#


作风建设#加强作风建设#作风建设必须#工作生活#重要节点#突出问题#党风建设#
作风建设#加强作风建设#作风建设必须#工作生活#重要节点#突出问题#党风建设#


作风建设#加强作风建设#作风建设必须#工作生活#重要节点#突出问题#党风建设#
作风建设#加强作风建设#作风建设必须#工作生活#重要节点#突出问题#党风建设#


作风建设#加强作风建设#作风建设必须#工作生活#重要节点#突出问题#党风建设#
作风建设#加强作风建设#作风建设必须#工作生活#重要节点#突出问题#党风建设#


作风建设#加强作风建设#作风建设必须#工作生活#重要节点#突出问题#党风建设#
作风建设#加强作风建设#作风建设必须#工作生活#重要节点#突出问题#党风建设#


作风建设#加强作风建设#作风建设必须#工作生活#重要节点#突出问题#党风建设#
作风建设#加强作风建设#作风建设必须#工作生活#重要节点#突出问题#党风建设#
公共图书馆#公共图书馆事业#服务体系建设#全民阅读#图书馆事业#公共文化服务#共建共享#中国图书馆学会#我国宣传文化#学习宣传贯彻#支持公共图书馆#宣传贯彻#中国图书馆#国务院法制办#服务体系#联合服务#图书馆行业#法律依据#公共文化服务体系#国家公共文化服务体系建设#
公共图书馆#公共图书馆事业#服务体系建设#全民阅读#图书馆事业#公共文化服务#共建共享#中国图书馆学会#我国宣传文化#学习宣传贯彻#支持公共图书馆#宣传贯彻#中国图书馆#国务院法制办#服务体系#联合服务#图书馆行业#法律依据#公共文化服务体系#国家公共文化服务体系建设#


公共图书馆#公共图书馆事业#服务体系建设#全民阅读#图书馆事业#公共文化服务#共建共享#中国图书馆学会#我国宣传文化#学习宣传贯彻#支持公共图书馆#宣传贯彻#中国图书馆#国务院法制办#服务体系#联合服务#图书馆行业#法律依据#公共文化服务体系#国家公共文化服务体系建设#
公共图书馆#公共图书馆事业#服务体系建设#全民阅读#图书馆事业#公共文化服务#共建共享#中国图书馆学会#我国宣传文化#学习宣传贯彻#支持公共图书馆#宣传贯彻#中国图书馆#国务院法制办#服务体系#联合服务#图书馆行业#法律依据#公共文化服务体系#国家公共文化服务体系建设#


公共图书馆#公共图书馆事业#服务体系建设#全民阅读#图书馆事业#公共文化服务#共建共享#中国图书馆学会#我国宣传文化#学习宣传贯彻#支持公共图书馆#宣传贯彻#中国图书馆#国务院法制办#服务体系#联合服务#图书馆行业#法律依据#公共文化服务体系#国家公共文化服务体系建设#
公共图书馆#公共图书馆事业#服务体系建设#全民阅读#图书馆事业#公共文化服务#共建共享#中国图书馆学会#我国宣传文化#学习宣传贯彻#支持公共图书馆#宣传贯彻#中国图书馆#国务院法制办#服务体系#联合服务#图书馆行业#法律依据#公共文化服务体系#国家公共文化服务体系建设#


公共图书馆#公共图书馆事业#服务体系建设#全民阅读#图书馆事业#公共文化服务#共建共享#中国图书馆学会#我国宣传文化#学习宣传贯彻#支持公共图书馆#宣传贯彻#中国图书馆#国务院法制办#服务体系#联合服务#图书馆行业#法律依据#公共文化服务体系#国家公共文化服务体系建设#
公共图书馆#公共图书馆事业#服务体系建设#全民阅读#图书馆事业#公共文化服务#共建共享#中国图书馆学会#我国宣传文化#学习宣传贯彻#支持公共图书馆#宣传贯彻#中国图书馆#国务院法制办#服务体系#联合服务#图书馆行业#法律依据#公共文化服务体系#国家公共文化服务体系建设#


公共图书馆#公共图书馆事业#服务体系建设#全民阅读#图书馆事业#公共文化服务#共建共享#中国图书馆学会#我国宣传文化#学习宣传贯彻#支持公共图书馆#宣传贯彻#中国图书馆#国务院法制办#服务体系#联合服务#图书馆行业#法律依据#公共文化服务体系#国家公共文化服务体系建设#
公共图书馆#公共图书馆事业#服务体系建设#全民阅读#图书馆事业#公共文化服务#共建共享#中国图书馆学会#我国宣传文化#学习宣传贯彻#支持公共图书馆#宣传贯彻#中国图书馆#国务院法制办#服务体系#联合服务#图书馆行业#法律依据#公共文化服务体系#国家公共文化服务体系建设#


公共图书馆#公共图书馆事业#服务体系建设#全民阅读#图书馆事业#公共文化服务#共建共享#中国图书馆学会#我国宣传文化#学习宣传贯彻#支持公共图书馆#宣传贯彻#中国图书馆#国务院法制办#服务体系#联合服务#图书馆行业#法律依据#公共文化服务体系#国家公共文化服务体系建设#
公共图书馆#公共图书馆事业#服务体系建设#全民阅读#图书馆事业#公共文化服务#共建共享#中国图书馆学会#我国宣传文化#学习宣传贯彻#支持公共图书馆#宣传贯彻#中国图书馆#国务院法制办#服务体系#联合服务#图书馆行业#法律依据#公共文化服务体系#国家公共文化服务体系建设#


公共图书馆#公共图书馆事业#服务体系建设#全民阅读#图书馆事业#公共文化服务#共建共享#中国图书馆学会#我国宣传文化#学习宣传贯彻#支持公共图书馆#宣传贯彻#中国图书馆#国务院法制办#服务体系#联合服务#图书馆行业#法律依据#公共文化服务体系#国家公共文化服务体系建设#
公共图书馆#公共图书馆事业#服务体系建设#全民阅读#图书馆事业#公共文化服务#共建共享#中国图书馆学会#我国宣传文化#学习宣传贯彻#支持公共图书馆#宣传贯彻#中国图书馆#国务院法制办#服务体系#联合服务#图书馆行业#法律依据#公共文化服务体系#国家公共文化服务体系建设#


公共图书馆#公共图书馆事业#服务体系建设#全民阅读#图书馆事业#公共文化服务#共建共享#中国图书馆学会#我国宣传文化#学习宣传贯彻#支持公共图书馆#宣传贯彻#中国图书馆#国务院法制办#服务体系#联合服务#图书馆行业#法律依据#公共文化服务体系#国家公共文化服务体系建设#
公共图书馆#公共图书馆事业#服务体系建设#全民阅读#图书馆事业#公共文化服务#共建共享#中国图书馆学会#我国宣传文化#学习宣传贯彻#支持公共图书馆#宣传贯彻#中国图书馆#国务院法制办#服务体系#联合服务#图书馆行业#法律依据#公共文化服务体系#国家公共文化服务体系建设#
公共图书馆#公共图书馆事业#服务体系建设#全民阅读#图书馆事业#公共文化服务#共建共享#中国图书馆学会#我国宣传文化#学习宣传贯彻#支持公共图书馆#宣传贯彻#中国图书馆#国务院法制办#服务体系#联合服务#图书馆行业#法律依据#公共文化服务体系#国家公共文化服务体系建设#
公共图书馆#公共图书馆事业#服务体系建设#全民阅读#图书馆事业#公共文化服务#共建共享#中国图书馆学会#我国宣传文化#学习宣传贯彻#支持公共图书馆#宣传贯彻#中国图书馆#国务院法制办#服务体系#联合服务#图书馆行业#法律依据#公共文化服务体系#国家公共文化服务体系建设#
公共图书馆#公共图书馆事业#服务体系建设#全民阅读#图书馆事业#公共文化服务#共建共享#中国图书馆学会#我国宣传文化#学习宣传贯彻#支持公共图书馆#宣传贯彻#中国图书馆#国务院法制办#服务体系#联合服务#图书馆行业#法律依据#公共文化服务体系#国家公共文化服务体系建设#
公共图书馆#公共图书馆事业#服务体系建设#全民阅读#图书馆事业#公共文化服务#共建共享#中国图书馆学会#我国宣传文化#学习宣传贯彻#支持公共图书馆#宣传贯彻#中国图书馆#国务院法制办#服务体系#联合服务#图书馆行业#法律依据#公共文化服务体系#国家公共文化服务体系建设#
公共图书馆#公共图书馆事业#服务体系建设#全民阅读#图书馆事业#公共文化服务#共建共享#中国图书馆学会#我国宣传文化#学习宣传贯彻#支持公共图书馆#宣传贯彻#中国图书馆#国务院法制办#服务体系#联合服务#图书馆行业#法律依据#公共文化服务体系#国家公共文化服务体系建设#
公共图书馆#公共图书馆事业#服务体系建设#全民阅读#图书馆事业#公共文化服务#共建共享#中国图书馆学会#我国宣传文化#学习宣传贯彻#支持公共图书馆#宣传贯彻#中国图书馆#国务院法制办#服务体系#联合服务#图书馆行业#法律依据#公共文化服务体系#国家公共文化服务体系建设#
公共图书馆#公共图书馆事业#服务体系建设#全民阅读#图书馆事业#公共文化服务#共建共享#中国图书馆学会#我国宣传文化#学习宣传贯彻#支持公共图书馆#宣传贯彻#中国图书馆#国务院法制办#服务体系#联合服务#图书馆行业#法律依据#公共文化服务体系#国家公共文化服务体系建设#
公共图书馆#公共图书馆事业#服务体系建设#全民阅读#图书馆事业#公共文化服务#共建共享#中国图书馆学会#我国宣传文化#学习宣传贯彻#支持公共图书馆#宣传贯彻#中国图书馆#国务院法制办#服务体系#联合服务#图书馆行业#法律依据#公共文化服务体系#国家公共文化服务体系建设#


公共图书馆#公共图书馆事业#服务体系建设#全民阅读#图书馆事业#公共文化服务#共建共享#中国图书馆学会#我国宣传文化#学习宣传贯彻#支持公共图书馆#宣传贯彻#中国图书馆#国务院法制办#服务体系#联合服务#图书馆行业#法律依据#公共文化服务体系#国家公共文化服务体系建设#
公共图书馆#公共图书馆事业#服务体系建设#全民阅读#图书馆事业#公共文化服务#共建共享#中国图书馆学会#我国宣传文化#学习宣传贯彻#支持公共图书馆#宣传贯彻#中国图书馆#国务院法制办#服务体系#联合服务#图书馆行业#法律依据#公共文化服务体系#国家公共文化服务体系建设#


公共图书馆#公共图书馆事业#服务体系建设#全民阅读#图书馆事业#公共文化服务#共建共享#中国图书馆学会#我国宣传文化#学习宣传贯彻#支持公共图书馆#宣传贯彻#中国图书馆#国务院法制办#服务体系#联合服务#图书馆行业#法律依据#公共文化服务体系#国家公共文化服务体系建设#
公共图书馆#公共图书馆事业#服务体系建设#全民阅读#图书馆事业#公共文化服务#共建共享#中国图书馆学会#我国宣传文化#学习宣传贯彻#支持公共图书馆#宣传贯彻#中国图书馆#国务院法制办#服务体系#联合服务#图书馆行业#法律依据#公共文化服务体系#国家公共文化服务体系建设#


公共图书馆#公共图书馆事业#服务体系建设#全民阅读#图书馆事业#公共文化服务#共建共享#中国图书馆学会#我国宣传文化#学习宣传贯彻#支持公共图书馆#宣传贯彻#中国图书馆#国务院法制办#服务体系#联合服务#图书馆行业#法律依据#公共文化服务体系#国家公共文化服务体系建设#
公共图书馆#公共图书馆事业#服务体系建设#全民阅读#图书馆事业#公共文化服务#共建共享#中国图书馆学会#我国宣传文化#学习宣传贯彻#支持公共图书馆#宣传贯彻#中国图书馆#国务院法制办#服务体系#联合服务#图书馆行业#法律依据#公共文化服务体系#国家公共文化服务体系建设#


青年创新#科技创新#环境修复#科技创新合作#青年创新创业#青年创新工作站#土壤污染防治#北京建工#创新创业#先进技术装备#创新成果#北京国企#北京团市委#北京建工修复公司#污染场地#污染场地安全修复技术#
青年创新#科技创新#环境修复#科技创新合作#青年创新创业#青年创新工作站#土壤污染防治#北京建工#创新创业#先进技术装备#创新成果#北京国企#北京团市委#北京建工修复公司#污染场地#污染场地安全修复技术#
青年创新#科技创新#环境修复#科技创新合作#青年创新创业#青年创新工作站#土壤污染防治#北京建工#创新创业#先进技术装备#创新成果#北京国企#北京团市委#北京建工修复公司#污染场地#污染场地安全修复技术#
青年创新#科技创新#环境修复#科技创新合作#青年创新创业#青年创新工作站#土壤污染防治#北京建工#创新创业#先进技术装备#创新成果#北京国企#北京团市委#北京建工修复公司#污染场地#污染场地安全修复技术#


青年创新#科技创新#环境修复#科技创新合作#青年创新创业#青年创新工作站#土壤污染防治#北京建工#创新创业#先进技术装备#创新成果#北京国企#北京团市委#北京建工修复公司#污染场地#污染场地安全修复技术#
青年创新#科技创新#环境修复#科技创新合作#青年创新创业#青年创新工作站#土壤污染防治#北京建工#创新创业#先进技术装备#创新成果#北京国企#北京团市委#北京建工修复公司#污染场地#污染场地安全修复技术#
青年创新#科技创新#环境修复#科技创新合作#青年创新创业#青年创新工作站#土壤污染防治#北京建工#创新创业#先进技术装备#创新成果#北京国企#北京团市委#北京建工修复公司#污染场地#污染场地安全修复技术#
青年创新#科技创新#环境修复#科技创新合作#青年创新创业#青年创新工作站#土壤污染防治#北京建工#创新创业#先进技术装备#创新成果#北京国企#北京团市委#北京建工修复公司#污染场地#污染场地安全修复技术#


青年创新#科技创新#环境修复#科技创新合作#青年创新创业#青年创新工作站#土壤污染防治#北京建工#创新创业#先进技术装备#创新成果#北京国企#北京团市委#北京建工修复公司#污染场地#污染场地安全修复技术#
青年创新#科技创新#环境修复#科技创新合作#青年创新创业#青年创新工作站#土壤污染防治#北京建工#创新创业#先进技术装备#创新成果#北京国企#北京团市委#北京建工修复公司#污染场地#污染场地安全修复技术#


青年创新#科技创新#环境修复#科技创新合作#青年创新创业#青年创新工作站#土壤污染防治#北京建工#创新创业#先进技术装备#创新成果#北京国企#北京团市委#北京建工修复公司#污染场地#污染场地安全修复技术#
青年创新#科技创新#环境修复#科技创新合作#青年创新创业#青年创新工作站#土壤污染防治#北京建工#创新创业#先进技术装备#创新成果#北京国企#北京团市委#北京建工修复公司#污染场地#污染场地安全修复技术#










算法分词
算法分词


算法分词
算法分词


算法算法
算法算法


















算法算法
算法算法


算法算法
算法算法


算法算法
算法算法


算法算法
算法算法






算法算法
算法算法


算法算法
算法算法








算法分词
算法分词
































中央宣讲团#学习贯彻#
中央宣讲团#学习贯彻#












算法算法
算法算法
算法算法
算法算法
中央宣讲团#学习贯彻#
中央宣讲团#学习贯彻#




中央宣讲团#学习贯彻#
中央宣讲团#学习贯彻#


中央宣讲团#学习贯彻#
中央宣讲团#学习贯彻#
中央宣讲团#学习贯彻#
中央宣讲团#学习贯彻#
中央宣讲团#学习贯彻#
中央宣讲团#学习贯彻#


中央宣讲团#学习贯彻#
中央宣讲团#学习贯彻#
中央宣讲团#学习贯彻#
中央宣讲团#学习贯彻#
中央宣讲团#学习贯彻#
中央宣讲团#学习贯彻#
中央宣讲团#学习贯彻#
中央宣讲团#学习贯彻#


中央宣讲团#学习贯彻#
中央宣讲团#学习贯彻#



















中央宣讲团#学习贯彻#

中央宣讲团#学习贯彻#
中央宣讲团#学习贯彻#

中央宣讲团#学习贯彻#

中央宣讲团#学习贯彻#
中央宣讲团#学习贯彻#
中央宣讲团#学习贯彻#

中央宣讲团#学习贯彻#

中央宣讲团#学习贯彻#
中央宣讲团#学习贯彻#
中央宣讲团#学习贯彻#
中央宣讲团#学习贯彻#
中央宣讲团#学习贯彻#

中央宣讲团#学习贯彻#

中央宣讲团#学习贯彻#

中央宣讲团#学习贯彻#

中央宣讲团#学习贯彻#

中央宣讲团#学习贯彻#




中央宣讲团#学习贯彻#



中央宣讲团#学习贯彻#


神经算法

算法算法
